[debug] [2022-04-19T09:26:24.717Z] ----------------------------------------------------------------------
[debug] [2022-04-19T09:26:24.719Z] Command:       C:\Program Files\nodejs\node.exe C:\Users\ASUS\AppData\Roaming\npm\node_modules\firebase-tools\lib\bin\firebase.js init
[debug] [2022-04-19T09:26:24.719Z] CLI Version:   10.6.0
[debug] [2022-04-19T09:26:24.719Z] Platform:      win32
[debug] [2022-04-19T09:26:24.719Z] Node Version:  v16.13.1
[debug] [2022-04-19T09:26:24.721Z] Time:          Tue Apr 19 2022 01:26:24 GMT-0800 (GMT-08:00)
[debug] [2022-04-19T09:26:24.721Z] ----------------------------------------------------------------------
[debug] 
[debug] [2022-04-19T09:26:24.799Z] > command requires scopes: ["email","openid","https://www.googleapis.com/auth/cloudplatformprojects.readonly","https://www.googleapis.com/auth/firebase","https://www.googleapis.com/auth/cloud-platform"]
[debug] [2022-04-19T09:26:24.800Z] > authorizing via signed-in user (shormilyrais@gmail.com)
[info] 
     ######## #### ########  ######## ########     ###     ######  ########
     ##        ##  ##     ## ##       ##     ##  ##   ##  ##       ##
     ######    ##  ########  ######   ########  #########  ######  ######
     ##        ##  ##    ##  ##       ##     ## ##     ##       ## ##
     ##       #### ##     ## ######## ########  ##     ##  ######  ########

You're about to initialize a Firebase project in this directory:

  D:\ema-john\business

Before we get started, keep in mind:

  * You are initializing within an existing Firebase project directory

[info] 
=== Project Setup
[info] 
[info] First, let's associate this project directory with a Firebase project.
[info] You can create multiple project aliases by running firebase use --add, 
[info] but for now we'll just set up a default project.
[info] 
[debug] [2022-04-19T09:27:13.083Z] Using project from CLI flag: business-website-3d04c
[debug] [2022-04-19T09:27:13.085Z] >>> [apiv2][query] GET https://firebase.googleapis.com/v1beta1/projects/business-website-3d04c [none]
[debug] [2022-04-19T09:27:13.693Z] <<< [apiv2][status] GET https://firebase.googleapis.com/v1beta1/projects/business-website-3d04c 200
[debug] [2022-04-19T09:27:13.694Z] <<< [apiv2][body] GET https://firebase.googleapis.com/v1beta1/projects/business-website-3d04c {"projectId":"business-website-3d04c","projectNumber":"434028543967","displayName":"Business-website","name":"projects/business-website-3d04c","resources":{"hostingSite":"business-website-3d04c"},"state":"ACTIVE"}
[info] i  Using project business-website-3d04c (Business-website) 
[info] 
=== Hosting Setup
[info] 
[info] Your public directory is the folder (relative to your project directory) that
[info] will contain Hosting assets to be uploaded with firebase deploy. If you
[info] have a build process for your assets, use your build's output directory.
[info] 
[debug] [2022-04-19T09:32:37.259Z] Error: kill ENOSYS
    at process.kill (node:internal/process/per_thread:215:13)
    at process.listener (C:\Users\ASUS\AppData\Roaming\npm\node_modules\firebase-tools\node_modules\signal-exit\index.js:95:15)
    at process.emit (node:events:390:28)
[error] 
[error] Error: An unexpected error has occurred.
